<?xml version="1.0" encoding="UTF-8"?>
<testsuite time='0.351582' skipped='0' failures='0' errors='0' name="TeamsControllerTest" assertions='9' tests='7' timestamp="2019-12-24T14:55:47-03:00">
  <testcase time='0.048133' file="test/controllers/teams_controller_test.rb" name="test_should_destroy_team" assertions='2'>
  </testcase>
  <testcase time='0.065814' file="test/controllers/teams_controller_test.rb" name="test_should_get_edit" assertions='1'>
  </testcase>
  <testcase time='0.038188' file="test/controllers/teams_controller_test.rb" name="test_should_update_team" assertions='1'>
  </testcase>
  <testcase time='0.057337' file="test/controllers/teams_controller_test.rb" name="test_should_get_index" assertions='1'>
  </testcase>
  <testcase time='0.038389' file="test/controllers/teams_controller_test.rb" name="test_should_create_team" assertions='2'>
  </testcase>
  <testcase time='0.044059' file="test/controllers/teams_controller_test.rb" name="test_should_show_team" assertions='1'>
  </testcase>
  <testcase time='0.059662' file="test/controllers/teams_controller_test.rb" name="test_should_get_new" assertions='1'>
  </testcase>
</testsuite>
