<?xml version="1.0" encoding="UTF-8"?>
<testsuite time='0.152638' skipped='0' failures='0' errors='0' name="HomeControllerTest" assertions='1' tests='1' timestamp="2019-12-24T14:55:47-03:00">
  <testcase time='0.152638' file="test/controllers/home_controller_test.rb" name="test_should_get_index" assertions='1'>
  </testcase>
</testsuite>
