<?xml version="1.0" encoding="UTF-8"?>
<testsuite time='0.465201' skipped='0' failures='0' errors='0' name="BetsControllerTest" assertions='9' tests='7' timestamp="2019-12-24T14:55:47-03:00">
  <testcase time='0.045114' file="test/controllers/bets_controller_test.rb" name="test_should_update_bet" assertions='1'>
  </testcase>
  <testcase time='0.052772' file="test/controllers/bets_controller_test.rb" name="test_should_destroy_bet" assertions='2'>
  </testcase>
  <testcase time='0.078557' file="test/controllers/bets_controller_test.rb" name="test_should_show_bet" assertions='1'>
  </testcase>
  <testcase time='0.032563' file="test/controllers/bets_controller_test.rb" name="test_should_create_bet" assertions='2'>
  </testcase>
  <testcase time='0.091982' file="test/controllers/bets_controller_test.rb" name="test_should_get_index" assertions='1'>
  </testcase>
  <testcase time='0.092653' file="test/controllers/bets_controller_test.rb" name="test_should_get_new" assertions='1'>
  </testcase>
  <testcase time='0.071560' file="test/controllers/bets_controller_test.rb" name="test_should_get_edit" assertions='1'>
  </testcase>
</testsuite>
