<?xml version="1.0" encoding="UTF-8"?>
<testsuite time='11.298794' skipped='0' failures='0' errors='0' name="GamesControllerTest" assertions='9' tests='7' timestamp="2019-12-24T14:55:47-03:00">
  <testcase time='0.045220' file="test/controllers/games_controller_test.rb" name="test_should_update_game" assertions='1'>
  </testcase>
  <testcase time='5.471280' file="test/controllers/games_controller_test.rb" name="test_should_get_edit" assertions='1'>
  </testcase>
  <testcase time='0.047867' file="test/controllers/games_controller_test.rb" name="test_should_create_game" assertions='2'>
  </testcase>
  <testcase time='0.087420' file="test/controllers/games_controller_test.rb" name="test_should_get_new" assertions='1'>
  </testcase>
  <testcase time='0.063940' file="test/controllers/games_controller_test.rb" name="test_should_destroy_game" assertions='2'>
  </testcase>
  <testcase time='0.047552' file="test/controllers/games_controller_test.rb" name="test_should_get_index" assertions='1'>
  </testcase>
  <testcase time='5.535515' file="test/controllers/games_controller_test.rb" name="test_should_show_game" assertions='1'>
  </testcase>
</testsuite>
