<?xml version="1.0" encoding="UTF-8"?>
<testsuite time='22.902466' skipped='0' failures='0' errors='0' name="BetLeaguesControllerTest" assertions='11' tests='7' timestamp="2019-12-24T14:55:47-03:00">
  <testcase time='0.192703' file="test/controllers/bet_leagues_controller_test.rb" name="test_should_update_bet_league" assertions='1'>
  </testcase>
  <testcase time='0.194793' file="test/controllers/bet_leagues_controller_test.rb" name="test_should_create_bet_league" assertions='4'>
  </testcase>
  <testcase time='0.208966' file="test/controllers/bet_leagues_controller_test.rb" name="test_should_destroy_bet_league" assertions='2'>
  </testcase>
  <testcase time='5.580960' file="test/controllers/bet_leagues_controller_test.rb" name="test_should_get_index" assertions='1'>
  </testcase>
  <testcase time='5.609650' file="test/controllers/bet_leagues_controller_test.rb" name="test_should_get_new" assertions='1'>
  </testcase>
  <testcase time='5.642804' file="test/controllers/bet_leagues_controller_test.rb" name="test_should_get_edit" assertions='1'>
  </testcase>
  <testcase time='5.472590' file="test/controllers/bet_leagues_controller_test.rb" name="test_should_show_bet_league" assertions='1'>
  </testcase>
</testsuite>
