<?xml version="1.0" encoding="UTF-8"?>
<testsuite time='0.538597' skipped='0' failures='0' errors='0' name="RoundsControllerTest" assertions='9' tests='7' timestamp="2019-12-24T14:55:47-03:00">
  <testcase time='0.041827' file="test/controllers/rounds_controller_test.rb" name="test_should_destroy_round" assertions='2'>
  </testcase>
  <testcase time='0.046015' file="test/controllers/rounds_controller_test.rb" name="test_should_create_round" assertions='2'>
  </testcase>
  <testcase time='0.029693' file="test/controllers/rounds_controller_test.rb" name="test_should_update_round" assertions='1'>
  </testcase>
  <testcase time='0.080130' file="test/controllers/rounds_controller_test.rb" name="test_should_get_new" assertions='1'>
  </testcase>
  <testcase time='0.086812' file="test/controllers/rounds_controller_test.rb" name="test_should_get_edit" assertions='1'>
  </testcase>
  <testcase time='0.133569' file="test/controllers/rounds_controller_test.rb" name="test_should_get_index" assertions='1'>
  </testcase>
  <testcase time='0.120551' file="test/controllers/rounds_controller_test.rb" name="test_should_show_round" assertions='1'>
  </testcase>
</testsuite>
