<?xml version="1.0" encoding="UTF-8"?>
<testsuite time='0.434875' skipped='0' failures='0' errors='0' name="PlayerBetLeaguesControllerTest" assertions='9' tests='7' timestamp="2019-12-24T14:55:47-03:00">
  <testcase time='0.042186' file="test/controllers/player_bet_leagues_controller_test.rb" name="test_should_destroy_player_bet_league" assertions='2'>
  </testcase>
  <testcase time='0.052941' file="test/controllers/player_bet_leagues_controller_test.rb" name="test_should_update_player_bet_league" assertions='1'>
  </testcase>
  <testcase time='0.066712' file="test/controllers/player_bet_leagues_controller_test.rb" name="test_should_show_player_bet_league" assertions='1'>
  </testcase>
  <testcase time='0.067726' file="test/controllers/player_bet_leagues_controller_test.rb" name="test_should_get_edit" assertions='1'>
  </testcase>
  <testcase time='0.080247' file="test/controllers/player_bet_leagues_controller_test.rb" name="test_should_get_index" assertions='1'>
  </testcase>
  <testcase time='0.034175' file="test/controllers/player_bet_leagues_controller_test.rb" name="test_should_create_player_bet_league" assertions='2'>
  </testcase>
  <testcase time='0.090888' file="test/controllers/player_bet_leagues_controller_test.rb" name="test_should_get_new" assertions='1'>
  </testcase>
</testsuite>
